This is pdfTeX, Version 3.14159265-2.6-1.40.20 (TeX Live 2019/Debian) (preloaded format=pdflatex 2020.2.7)  4 MAR 2020 20:10
entering extended mode
 restricted \write18 enabled.
 %&-line parsing enabled.
**sensors-and-peripherals.tex
(./sensors-and-peripherals.tex
LaTeX2e <2018-12-01>
(/usr/share/texlive/texmf-dist/tex/latex/base/article.cls
Document Class: article 2018/09/03 v1.4i Standard LaTeX document class
(/usr/share/texlive/texmf-dist/tex/latex/base/size10.clo
File: size10.clo 2018/09/03 v1.4i Standard LaTeX file (size option)
)
\c@part=\count80
\c@section=\count81
\c@subsection=\count82
\c@subsubsection=\count83
\c@paragraph=\count84
\c@subparagraph=\count85
\c@figure=\count86
\c@table=\count87
\abovecaptionskip=\skip41
\belowcaptionskip=\skip42
\bibindent=\dimen102
)
(/usr/share/texlive/texmf-dist/tex/latex/base/inputenc.sty
Package: inputenc 2018/08/11 v1.3c Input encoding file
\inpenc@prehook=\toks14
\inpenc@posthook=\toks15
)
(/usr/share/texlive/texmf-dist/tex/latex/listings/listings.sty
(/usr/share/texlive/texmf-dist/tex/latex/graphics/keyval.sty
Package: keyval 2014/10/28 v1.15 key=value parser (DPC)
\KV@toks@=\toks16
)
\lst@mode=\count88
\lst@gtempboxa=\box27
\lst@token=\toks17
\lst@length=\count89
\lst@currlwidth=\dimen103
\lst@column=\count90
\lst@pos=\count91
\lst@lostspace=\dimen104
\lst@width=\dimen105
\lst@newlines=\count92
\lst@lineno=\count93
\lst@maxwidth=\dimen106

(/usr/share/texlive/texmf-dist/tex/latex/listings/lstmisc.sty
File: lstmisc.sty 2019/02/27 1.8b (Carsten Heinz)
\c@lstnumber=\count94
\lst@skipnumbers=\count95
\lst@framebox=\box28
)
(/usr/share/texlive/texmf-dist/tex/latex/listings/listings.cfg
File: listings.cfg 2019/02/27 1.8b listings configuration
))
Package: listings 2019/02/27 1.8b (Carsten Heinz)

(/usr/share/texlive/texmf-dist/tex/latex/graphics/graphicx.sty
Package: graphicx 2017/06/01 v1.1a Enhanced LaTeX Graphics (DPC,SPQR)

(/usr/share/texlive/texmf-dist/tex/latex/graphics/graphics.sty
Package: graphics 2017/06/25 v1.2c Standard LaTeX Graphics (DPC,SPQR)

(/usr/share/texlive/texmf-dist/tex/latex/graphics/trig.sty
Package: trig 2016/01/03 v1.10 sin cos tan (DPC)
)
(/usr/share/texlive/texmf-dist/tex/latex/graphics-cfg/graphics.cfg
File: graphics.cfg 2016/06/04 v1.11 sample graphics configuration
)
Package graphics Info: Driver file: pdftex.def on input line 99.

(/usr/share/texlive/texmf-dist/tex/latex/graphics-def/pdftex.def
File: pdftex.def 2018/01/08 v1.0l Graphics/color driver for pdftex
))
\Gin@req@height=\dimen107
\Gin@req@width=\dimen108
)
(/usr/share/texlive/texmf-dist/tex/latex/float/float.sty
Package: float 2001/11/08 v1.3d Float enhancements (AL)
\c@float@type=\count96
\float@exts=\toks18
\float@box=\box29
\@float@everytoks=\toks19
\@floatcapt=\box30
)
No file sensors-and-peripherals.aux.
\openout1 = `sensors-and-peripherals.aux'.

LaTeX Font Info:    Checking defaults for OML/cmm/m/it on input line 19.
LaTeX Font Info:    ... okay on input line 19.
LaTeX Font Info:    Checking defaults for T1/cmr/m/n on input line 19.
LaTeX Font Info:    ... okay on input line 19.
LaTeX Font Info:    Checking defaults for OT1/cmr/m/n on input line 19.
LaTeX Font Info:    ... okay on input line 19.
LaTeX Font Info:    Checking defaults for OMS/cmsy/m/n on input line 19.
LaTeX Font Info:    ... okay on input line 19.
LaTeX Font Info:    Checking defaults for OMX/cmex/m/n on input line 19.
LaTeX Font Info:    ... okay on input line 19.
LaTeX Font Info:    Checking defaults for U/cmr/m/n on input line 19.
LaTeX Font Info:    ... okay on input line 19.
\c@lstlisting=\count97
(/usr/share/texlive/texmf-dist/tex/context/base/mkii/supp-pdf.mkii
[Loading MPS to PDF converter (version 2006.09.02).]
\scratchcounter=\count98
\scratchdimen=\dimen109
\scratchbox=\box31
\nofMPsegments=\count99
\nofMParguments=\count100
\everyMPshowfont=\toks20
\MPscratchCnt=\count101
\MPscratchDim=\dimen110
\MPnumerator=\count102
\makeMPintoPDFobject=\count103
\everyMPtoPDFconversion=\toks21
) (/usr/share/texlive/texmf-dist/tex/latex/oberdiek/epstopdf-base.sty
Package: epstopdf-base 2016/05/15 v2.6 Base part for package epstopdf

(/usr/share/texlive/texmf-dist/tex/generic/oberdiek/infwarerr.sty
Package: infwarerr 2016/05/16 v1.4 Providing info/warning/error messages (HO)
)
(/usr/share/texlive/texmf-dist/tex/latex/oberdiek/grfext.sty
Package: grfext 2016/05/16 v1.2 Manage graphics extensions (HO)

(/usr/share/texlive/texmf-dist/tex/generic/oberdiek/kvdefinekeys.sty
Package: kvdefinekeys 2016/05/16 v1.4 Define keys (HO)

(/usr/share/texlive/texmf-dist/tex/generic/oberdiek/ltxcmds.sty
Package: ltxcmds 2016/05/16 v1.23 LaTeX kernel commands for general use (HO)
)))
(/usr/share/texlive/texmf-dist/tex/latex/oberdiek/kvoptions.sty
Package: kvoptions 2016/05/16 v3.12 Key value format for package options (HO)

(/usr/share/texlive/texmf-dist/tex/generic/oberdiek/kvsetkeys.sty
Package: kvsetkeys 2016/05/16 v1.17 Key value parser (HO)

(/usr/share/texlive/texmf-dist/tex/generic/oberdiek/etexcmds.sty
Package: etexcmds 2016/05/16 v1.6 Avoid name clashes with e-TeX commands (HO)

(/usr/share/texlive/texmf-dist/tex/generic/oberdiek/ifluatex.sty
Package: ifluatex 2016/05/16 v1.4 Provides the ifluatex switch (HO)
Package ifluatex Info: LuaTeX not detected.
))))
(/usr/share/texlive/texmf-dist/tex/generic/oberdiek/pdftexcmds.sty
Package: pdftexcmds 2018/09/10 v0.29 Utility functions of pdfTeX for LuaTeX (HO
)

(/usr/share/texlive/texmf-dist/tex/generic/oberdiek/ifpdf.sty
Package: ifpdf 2018/09/07 v3.3 Provides the ifpdf switch
)
Package pdftexcmds Info: LuaTeX not detected.
Package pdftexcmds Info: \pdf@primitive is available.
Package pdftexcmds Info: \pdf@ifprimitive is available.
Package pdftexcmds Info: \pdfdraftmode found.
)
Package epstopdf-base Info: Redefining graphics rule for `.eps' on input line 4
38.
Package grfext Info: Graphics extension search list:
(grfext)             [.pdf,.png,.jpg,.mps,.jpeg,.jbig2,.jb2,.PDF,.PNG,.JPG,.JPE
G,.JBIG2,.JB2,.eps]
(grfext)             \AppendGraphicsExtensions on input line 456.

(/usr/share/texlive/texmf-dist/tex/latex/latexconfig/epstopdf-sys.cfg
File: epstopdf-sys.cfg 2010/07/13 v1.3 Configuration of (r)epstopdf for TeX Liv
e
))
LaTeX Font Info:    External font `cmex10' loaded for size
(Font)              <12> on input line 21.
LaTeX Font Info:    External font `cmex10' loaded for size
(Font)              <8> on input line 21.
LaTeX Font Info:    External font `cmex10' loaded for size
(Font)              <6> on input line 21.

[1

{/var/lib/texmf/fonts/map/pdftex/updmap/pdftex.map}]
LaTeX Font Info:    Try loading font information for OMS+cmr on input line 32.

(/usr/share/texlive/texmf-dist/tex/latex/base/omscmr.fd
File: omscmr.fd 2014/09/29 v2.5h Standard LaTeX font definitions
)
LaTeX Font Info:    Font shape `OMS/cmr/m/n' in size <10> not available
(Font)              Font shape `OMS/cmsy/m/n' tried instead on input line 32.
<images/fade.jpeg, id=9, 602.25pt x 451.6875pt>
File: images/fade.jpeg Graphic file (type jpg)
<use images/fade.jpeg>
Package pdftex.def Info: images/fade.jpeg  used on input line 43.
(pdftex.def)             Requested size: 345.0pt x 258.76027pt.
 [2]

LaTeX Warning: Reference `fig:fade' on page 3 undefined on input line 48.

(/usr/share/texlive/texmf-dist/tex/latex/listings/lstlang1.sty
File: lstlang1.sty 2019/02/27 1.8b listings language file
)
(/usr/share/texlive/texmf-dist/tex/latex/listings/lstmisc.sty
File: lstmisc.sty 2019/02/27 1.8b (Carsten Heinz)
)
(../archive/rgb-led.ino
LaTeX Font Info:    Font shape `OT1/cmtt/bx/n' in size <8> not available
(Font)              Font shape `OT1/cmtt/m/n' tried instead on input line 1.
)
LaTeX Font Info:    External font `cmex10' loaded for size
(Font)              <7> on input line 52.
LaTeX Font Info:    External font `cmex10' loaded for size
(Font)              <5> on input line 52.
 [3 <./images/fade.jpeg>]
<images/buzzer.jpeg, id=20, 602.25pt x 451.6875pt>
File: images/buzzer.jpeg Graphic file (type jpg)
<use images/buzzer.jpeg>
Package pdftex.def Info: images/buzzer.jpeg  used on input line 57.
(pdftex.def)             Requested size: 345.0pt x 258.76027pt.
 [4]

LaTeX Warning: Reference `fig:fade' on page 5 undefined on input line 62.

(../archive/piezzo-buzzer.ino) [5 <./images/buzzer.jpeg>]
Overfull \vbox (19.19908pt too high) has occurred while \output is active []


[6]
<images/switches.jpeg, id=32, 602.25pt x 451.6875pt>
File: images/switches.jpeg Graphic file (type jpg)
<use images/switches.jpeg>
Package pdftex.def Info: images/switches.jpeg  used on input line 71.
(pdftex.def)             Requested size: 345.0pt x 258.76027pt.

Underfull \hbox (badness 10000) in paragraph at lines 76--76

 []

<images/operating-conditions.png, id=33, 931.48pt x 592.2125pt>
File: images/operating-conditions.png Graphic file (type png)
<use images/operating-conditions.png>
Package pdftex.def Info: images/operating-conditions.png  used on input line 80
.
(pdftex.def)             Requested size: 345.0pt x 219.3411pt.
[7 <./images/switches.jpeg>]

LaTeX Warning: Reference `fig:operating' on page 8 undefined on input line 85.


Underfull \hbox (badness 10000) in paragraph at lines 85--85

 []

(../archive/switches.ino)
Underfull \hbox (badness 10000) in paragraph at lines 87--89

 []


LaTeX Warning: Reference `fig:mom' on page 8 undefined on input line 91.

<images/mom.png, id=39, 1467.4825pt x 570.13pt>
File: images/mom.png Graphic file (type png)
<use images/mom.png>
Package pdftex.def Info: images/mom.png  used on input line 95.
(pdftex.def)             Requested size: 345.0pt x 134.03276pt.
[8 <./images/operating-conditions.png>]
<images/servo.jpeg, id=44, 602.25pt x 451.6875pt>
File: images/servo.jpeg Graphic file (type jpg)
<use images/servo.jpeg>
Package pdftex.def Info: images/servo.jpeg  used on input line 103.
(pdftex.def)             Requested size: 345.0pt x 258.76027pt.

Underfull \hbox (badness 10000) in paragraph at lines 108--108

 []

[9 <./images/mom.png> <./images/servo.jpeg>] (../archive/servo.ino)
Underfull \hbox (badness 10000) in paragraph at lines 110--112

 []


LaTeX Warning: Reference `fig:events' on page 10 undefined on input line 114.


LaTeX Warning: Reference `fig:resetCounter' on page 10 undefined on input line 
114.

<images/events.png, id=49, 1543.7675pt x 696.6025pt>
File: images/events.png Graphic file (type png)
<use images/events.png>
Package pdftex.def Info: images/events.png  used on input line 118.
(pdftex.def)             Requested size: 345.0pt x 155.6765pt.
[10]
<images/resetCounter.png, id=53, 1280.785pt x 1491.5725pt>
File: images/resetCounter.png Graphic file (type png)
<use images/resetCounter.png>
Package pdftex.def Info: images/resetCounter.png  used on input line 125.
(pdftex.def)             Requested size: 276.00105pt x 321.41014pt.
<images/temperature.jpeg, id=54, 602.25pt x 451.6875pt>
File: images/temperature.jpeg Graphic file (type jpg)
<use images/temperature.jpeg>
Package pdftex.def Info: images/temperature.jpeg  used on input line 133.
(pdftex.def)             Requested size: 345.0pt x 258.76027pt.
 [11 <./images/events.png> <./images/resetCounter.png>]
Underfull \hbox (badness 10000) in paragraph at lines 136--136

 []

(../archive/thermistor.ino)
Underfull \hbox (badness 10000) in paragraph at lines 146--148

 []

[12 <./images/temperature.jpeg>]

LaTeX Warning: Reference `fig:temperaturevalues' on page 13 undefined on input 
line 150.


LaTeX Warning: Reference `fig:temperaturegraphs' on page 13 undefined on input 
line 150.

<images/celsius-fahrenheit.png, id=66, 2328.7pt x 1945.2675pt>
File: images/celsius-fahrenheit.png Graphic file (type png)
<use images/celsius-fahrenheit.png>
Package pdftex.def Info: images/celsius-fahrenheit.png  used on input line 153.

(pdftex.def)             Requested size: 345.0pt x 288.18597pt.
[13]
<images/celsius-fahrenheit-graphs.png, id=71, 3840.3475pt x 1170.3725pt>
File: images/celsius-fahrenheit-graphs.png Graphic file (type png)
<use images/celsius-fahrenheit-graphs.png>
Package pdftex.def Info: images/celsius-fahrenheit-graphs.png  used on input li
ne 160.
(pdftex.def)             Requested size: 345.0pt x 105.13254pt.
 [14 <./images/celsius-fahrenheit.png> <./images/celsius-fahrenheit-graphs.png>
] [15] (./sensors-and-peripherals.aux)

LaTeX Warning: There were undefined references.


LaTeX Warning: Label(s) may have changed. Rerun to get cross-references right.

 ) 
Here is how much of TeX's memory you used:
 3421 strings out of 492609
 47644 string characters out of 6131463
 410935 words of memory out of 5000000
 7293 multiletter control sequences out of 15000+600000
 8745 words of font info for 32 fonts, out of 8000000 for 9000
 1141 hyphenation exceptions out of 8191
 41i,6n,51p,729b,1328s stack positions out of 5000i,500n,10000p,200000b,80000s
</usr/share/texlive/texmf-dist/fonts/type1/public/amsfonts/cm/cmbx10.pfb></us
r/share/texlive/texmf-dist/fonts/type1/public/amsfonts/cm/cmbx12.pfb></usr/shar
e/texlive/texmf-dist/fonts/type1/public/amsfonts/cm/cmitt10.pfb></usr/share/tex
live/texmf-dist/fonts/type1/public/amsfonts/cm/cmmi10.pfb></usr/share/texlive/t
exmf-dist/fonts/type1/public/amsfonts/cm/cmr10.pfb></usr/share/texlive/texmf-di
st/fonts/type1/public/amsfonts/cm/cmr12.pfb></usr/share/texlive/texmf-dist/font
s/type1/public/amsfonts/cm/cmr17.pfb></usr/share/texlive/texmf-dist/fonts/type1
/public/amsfonts/cm/cmr7.pfb></usr/share/texlive/texmf-dist/fonts/type1/public/
amsfonts/cm/cmsy10.pfb></usr/share/texlive/texmf-dist/fonts/type1/public/amsfon
ts/cm/cmsy5.pfb></usr/share/texlive/texmf-dist/fonts/type1/public/amsfonts/cm/c
mti10.pfb></usr/share/texlive/texmf-dist/fonts/type1/public/amsfonts/cm/cmtt8.p
fb>
Output written on sensors-and-peripherals.pdf (15 pages, 1185294 bytes).
PDF statistics:
 119 PDF objects out of 1000 (max. 8388607)
 72 compressed objects within 1 object stream
 0 named destinations out of 1000 (max. 500000)
 56 words of extra memory for PDF output out of 10000 (max. 10000000)

